[2016-09-21 14:11:36][WHMCS Installer] DEBUG: Installer bootstrapped []
[2016-09-21 14:11:39][WHMCS Installer] DEBUG: Installer bootstrapped []
[2016-09-21 14:11:39][WHMCS Installer] INFO: Previous install not detected; a fresh install will be attempted []
[2016-09-21 14:11:51][WHMCS Installer] DEBUG: Installer bootstrapped []
[2016-09-21 14:12:33][WHMCS Installer] DEBUG: Installer bootstrapped []
[2016-09-21 14:12:33][WHMCS Installer] INFO: New configuration file has been written []
[2016-09-21 14:12:33][WHMCS Installer] ERROR: SQL strict mode detected []
[2016-09-21 14:26:38][WHMCS Installer] DEBUG: Installer bootstrapped []
[2016-09-21 14:26:38][WHMCS Installer] INFO: New configuration file has been written []
[2016-09-21 14:26:38][WHMCS Installer] ERROR: SQL strict mode detected []
[2016-09-21 14:49:36][WHMCS Installer] DEBUG: Installer bootstrapped []
[2016-09-21 14:49:36][WHMCS Installer] INFO: New configuration file has been written []
[2016-09-21 14:49:36][WHMCS Installer] INFO: Applying base SQL schema []
[2016-09-21 14:49:46][WHMCS Installer] DEBUG: Installer bootstrapped []
[2016-09-21 14:49:46][WHMCS Installer] INFO: Creating initial admin account []
[2016-09-21 14:49:46][WHMCS Installer] INFO: Applying incremental updates to base install schema []
[2016-09-21 14:49:46][WHMCS Installer] INFO: Applying Updates for 3.2.1-release.1 []
[2016-09-21 14:49:46][WHMCS Installer] INFO: Removing any obsolete file and directories []
[2016-09-21 14:49:46][WHMCS Installer] INFO: Applying Updates for 3.2.2-release.1 []
[2016-09-21 14:49:46][WHMCS Installer] INFO: Removing any obsolete file and directories []
[2016-09-21 14:49:46][WHMCS Installer] INFO: Applying Updates for 3.2.3-release.1 []
[2016-09-21 14:49:46][WHMCS Installer] INFO: Removing any obsolete file and directories []
[2016-09-21 14:49:46][WHMCS Installer] INFO: Applying Updates for 3.3.0-release.1 []
[2016-09-21 14:49:46][WHMCS Installer] INFO: Removing any obsolete file and directories []
[2016-09-21 14:49:46][WHMCS Installer] INFO: Applying Updates for 3.4.0-release.1 []
[2016-09-21 14:49:46][WHMCS Installer] INFO: Removing any obsolete file and directories []
[2016-09-21 14:49:46][WHMCS Installer] INFO: Applying Updates for 3.4.1-release.1 []
[2016-09-21 14:49:46][WHMCS Installer] INFO: Removing any obsolete file and directories []
[2016-09-21 14:49:46][WHMCS Installer] INFO: Applying Updates for 3.5.0-release.1 []
[2016-09-21 14:49:47][WHMCS Installer] INFO: Removing any obsolete file and directories []
[2016-09-21 14:49:47][WHMCS Installer] INFO: Applying Updates for 3.5.1-release.1 []
[2016-09-21 14:49:47][WHMCS Installer] INFO: Removing any obsolete file and directories []
[2016-09-21 14:49:47][WHMCS Installer] INFO: Applying Updates for 3.6.0-release.1 []
[2016-09-21 14:49:47][WHMCS Installer] INFO: Removing any obsolete file and directories []
[2016-09-21 14:49:47][WHMCS Installer] INFO: Applying Updates for 3.6.1-release.1 []
[2016-09-21 14:49:47][WHMCS Installer] INFO: Removing any obsolete file and directories []
[2016-09-21 14:49:47][WHMCS Installer] INFO: Applying Updates for 3.6.2-release.1 []
[2016-09-21 14:49:50][WHMCS Installer] INFO: Removing any obsolete file and directories []
[2016-09-21 14:49:50][WHMCS Installer] INFO: Applying Updates for 3.7.0-release.1 []
[2016-09-21 14:49:50][WHMCS Installer] INFO: Removing any obsolete file and directories []
[2016-09-21 14:49:50][WHMCS Installer] INFO: Applying Updates for 3.7.1-release.1 []
[2016-09-21 14:49:50][WHMCS Installer] INFO: Removing any obsolete file and directories []
[2016-09-21 14:49:50][WHMCS Installer] INFO: Applying Updates for 3.7.2-release.1 []
[2016-09-21 14:49:50][WHMCS Installer] INFO: Removing any obsolete file and directories []
[2016-09-21 14:49:50][WHMCS Installer] INFO: Applying Updates for 3.8.0-release.1 []
[2016-09-21 14:49:50][WHMCS Installer] INFO: Removing any obsolete file and directories []
[2016-09-21 14:49:50][WHMCS Installer] INFO: Applying Updates for 3.8.1-release.1 []
[2016-09-21 14:49:50][WHMCS Installer] INFO: Removing any obsolete file and directories []
[2016-09-21 14:49:50][WHMCS Installer] INFO: Applying Updates for 3.8.2-release.1 []
[2016-09-21 14:49:50][WHMCS Installer] INFO: Removing any obsolete file and directories []
[2016-09-21 14:49:50][WHMCS Installer] INFO: Applying Updates for 4.0.0-release.1 []
[2016-09-21 14:49:51][WHMCS Installer] INFO: Removing any obsolete file and directories []
[2016-09-21 14:49:51][WHMCS Installer] INFO: Applying Updates for 4.0.1-release.1 []
[2016-09-21 14:49:51][WHMCS Installer] INFO: Removing any obsolete file and directories []
[2016-09-21 14:49:51][WHMCS Installer] INFO: Applying Updates for 4.1.0-release.1 []
[2016-09-21 14:49:51][WHMCS Installer] INFO: Removing any obsolete file and directories []
[2016-09-21 14:49:51][WHMCS Installer] INFO: Applying Updates for 4.1.1-release.1 []
[2016-09-21 14:49:51][WHMCS Installer] INFO: Removing any obsolete file and directories []
[2016-09-21 14:49:51][WHMCS Installer] INFO: Applying Updates for 4.1.2-release.1 []
[2016-09-21 14:49:51][WHMCS Installer] INFO: Removing any obsolete file and directories []
[2016-09-21 14:49:51][WHMCS Installer] INFO: Applying Updates for 4.2.0-release.1 []
[2016-09-21 14:49:51][WHMCS Installer] INFO: Removing any obsolete file and directories []
[2016-09-21 14:49:51][WHMCS Installer] INFO: Applying Updates for 4.2.1-release.1 []
[2016-09-21 14:49:51][WHMCS Installer] INFO: Removing any obsolete file and directories []
[2016-09-21 14:49:51][WHMCS Installer] INFO: Applying Updates for 4.3.0-release.1 []
[2016-09-21 14:49:51][WHMCS Installer] INFO: Removing any obsolete file and directories []
[2016-09-21 14:49:51][WHMCS Installer] INFO: Applying Updates for 4.3.1-release.1 []
[2016-09-21 14:49:51][WHMCS Installer] INFO: Removing any obsolete file and directories []
[2016-09-21 14:49:51][WHMCS Installer] INFO: Applying Updates for 4.4.0-release.1 []
[2016-09-21 14:49:51][WHMCS Installer] INFO: Removing any obsolete file and directories []
[2016-09-21 14:49:51][WHMCS Installer] INFO: Applying Updates for 4.4.1-release.1 []
[2016-09-21 14:49:51][WHMCS Installer] INFO: Removing any obsolete file and directories []
[2016-09-21 14:49:51][WHMCS Installer] INFO: Applying Updates for 4.4.2-release.1 []
[2016-09-21 14:49:51][WHMCS Installer] INFO: Removing any obsolete file and directories []
[2016-09-21 14:49:51][WHMCS Installer] INFO: Applying Updates for 4.5.0-release.1 []
[2016-09-21 14:49:51][WHMCS Installer] INFO: Removing any obsolete file and directories []
[2016-09-21 14:49:51][WHMCS Installer] INFO: Applying Updates for 4.5.1-release.1 []
[2016-09-21 14:49:51][WHMCS Installer] INFO: Removing any obsolete file and directories []
[2016-09-21 14:49:51][WHMCS Installer] INFO: Applying Updates for 4.5.2-release.1 []
[2016-09-21 14:49:51][WHMCS Installer] INFO: Removing any obsolete file and directories []
[2016-09-21 14:49:51][WHMCS Installer] INFO: Applying Updates for 5.0.0-release.1 []
[2016-09-21 14:49:52][WHMCS Installer] INFO: Removing any obsolete file and directories []
[2016-09-21 14:49:52][WHMCS Installer] INFO: Applying Updates for 5.0.1-release.1 []
[2016-09-21 14:49:52][WHMCS Installer] INFO: Removing any obsolete file and directories []
[2016-09-21 14:49:52][WHMCS Installer] INFO: Applying Updates for 5.0.2-release.1 []
[2016-09-21 14:49:52][WHMCS Installer] INFO: Removing any obsolete file and directories []
[2016-09-21 14:49:52][WHMCS Installer] INFO: Applying Updates for 5.0.3-release.1 []
[2016-09-21 14:49:52][WHMCS Installer] INFO: Removing any obsolete file and directories []
[2016-09-21 14:49:52][WHMCS Installer] INFO: Applying Updates for 5.1.0-release.1 []
[2016-09-21 14:49:52][WHMCS Installer] INFO: Removing any obsolete file and directories []
[2016-09-21 14:49:52][WHMCS Installer] INFO: Applying Updates for 5.1.1-release.1 []
[2016-09-21 14:49:52][WHMCS Installer] INFO: Removing any obsolete file and directories []
[2016-09-21 14:49:52][WHMCS Installer] INFO: Applying Updates for 5.1.2-release.1 []
[2016-09-21 14:49:52][WHMCS Installer] INFO: Removing any obsolete file and directories []
[2016-09-21 14:49:52][WHMCS Installer] INFO: Applying Updates for 5.2.0-release.1 []
[2016-09-21 14:49:52][WHMCS Installer] INFO: Removing any obsolete file and directories []
[2016-09-21 14:49:52][WHMCS Installer] INFO: Applying Updates for 5.2.1-release.1 []
[2016-09-21 14:49:52][WHMCS Installer] INFO: Removing any obsolete file and directories []
[2016-09-21 14:49:52][WHMCS Installer] INFO: Applying Updates for 5.2.2-release.1 []
[2016-09-21 14:49:52][WHMCS Installer] INFO: Removing any obsolete file and directories []
[2016-09-21 14:49:52][WHMCS Installer] INFO: Applying Updates for 5.2.3-release.1 []
[2016-09-21 14:49:52][WHMCS Installer] INFO: Removing any obsolete file and directories []
[2016-09-21 14:49:52][WHMCS Installer] INFO: Applying Updates for 5.2.4-release.1 []
[2016-09-21 14:49:52][WHMCS Installer] INFO: Removing any obsolete file and directories []
[2016-09-21 14:49:52][WHMCS Installer] INFO: Applying Updates for 5.2.5-release.1 []
[2016-09-21 14:49:52][WHMCS Installer] INFO: Removing any obsolete file and directories []
[2016-09-21 14:49:52][WHMCS Installer] INFO: Applying Updates for 5.3.0-release.1 []
[2016-09-21 14:49:52][WHMCS Installer] INFO: Removing any obsolete file and directories []
[2016-09-21 14:49:52][WHMCS Installer] INFO: Applying Updates for 5.3.1-release.1 []
[2016-09-21 14:49:52][WHMCS Installer] INFO: Removing any obsolete file and directories []
[2016-09-21 14:49:52][WHMCS Installer] INFO: Applying Updates for 5.3.2-release.1 []
[2016-09-21 14:49:52][WHMCS Installer] INFO: Removing any obsolete file and directories []
[2016-09-21 14:49:52][WHMCS Installer] INFO: Applying Updates for 5.3.3-rc.1 []
[2016-09-21 14:49:52][WHMCS Installer] INFO: Removing any obsolete file and directories []
[2016-09-21 14:49:52][WHMCS Installer] INFO: Applying Updates for 5.3.3-rc.2 []
[2016-09-21 14:49:52][WHMCS Installer] INFO: Removing any obsolete file and directories []
[2016-09-21 14:49:52][WHMCS Installer] INFO: Applying Updates for 5.3.3-release.1 []
[2016-09-21 14:49:52][WHMCS Installer] INFO: Removing any obsolete file and directories []
[2016-09-21 14:49:52][WHMCS Installer] INFO: Applying Updates for 5.3.4-release.1 []
[2016-09-21 14:49:52][WHMCS Installer] INFO: Removing any obsolete file and directories []
[2016-09-21 14:49:52][WHMCS Installer] INFO: Applying Updates for 5.3.5-release.1 []
[2016-09-21 14:49:52][WHMCS Installer] INFO: Removing any obsolete file and directories []
[2016-09-21 14:49:52][WHMCS Installer] INFO: Applying Updates for 5.3.6-release.1 []
[2016-09-21 14:49:52][WHMCS Installer] INFO: Removing any obsolete file and directories []
[2016-09-21 14:49:52][WHMCS Installer] INFO: Applying Updates for 5.3.7-release.1 []
[2016-09-21 14:49:52][WHMCS Installer] INFO: Removing any obsolete file and directories []
[2016-09-21 14:49:52][WHMCS Installer] INFO: Applying Updates for 5.3.8-release.1 []
[2016-09-21 14:49:52][WHMCS Installer] INFO: Removing any obsolete file and directories []
[2016-09-21 14:49:52][WHMCS Installer] INFO: Applying Updates for 5.3.9-release.1 []
[2016-09-21 14:49:52][WHMCS Installer] INFO: Removing any obsolete file and directories []
[2016-09-21 14:49:52][WHMCS Installer] INFO: Applying Updates for 5.3.12-release.1 []
[2016-09-21 14:49:53][WHMCS Installer] INFO: Removing any obsolete file and directories []
[2016-09-21 14:49:53][WHMCS Installer] INFO: Applying Updates for 6.0.0-alpha.1 []
[2016-09-21 14:49:55][WHMCS Installer] INFO: Performing Update Action: removeDuplicateSettings []
[2016-09-21 14:49:55][WHMCS Installer] INFO: Performing Update Action: convertMailTemplateBooleanColumns []
[2016-09-21 14:49:55][WHMCS Installer] INFO: Performing Update Action: convertClientUnixTimestampColumns []
[2016-09-21 14:49:55][WHMCS Installer] INFO: Performing Update Action: convertClientBooleanColumns []
[2016-09-21 14:49:55][WHMCS Installer] INFO: Performing Update Action: convertDomainBooleanColumns []
[2016-09-21 14:49:55][WHMCS Installer] INFO: Performing Update Action: convertProductBooleanColumns []
[2016-09-21 14:49:56][WHMCS Installer] INFO: Performing Update Action: convertProductGroupBooleanColumns []
[2016-09-21 14:49:56][WHMCS Installer] INFO: Performing Update Action: convertDownloadBooleanColumns []
[2016-09-21 14:49:56][WHMCS Installer] INFO: Performing Update Action: convertDownloadCategoryBooleanColumns []
[2016-09-21 14:49:56][WHMCS Installer] INFO: Performing Update Action: migrateProductDownloadIdsToItsTable []
[2016-09-21 14:49:56][WHMCS Installer] INFO: Performing Update Action: migrateProductUpgradeIdsToItsTable []
[2016-09-21 14:49:56][WHMCS Installer] INFO: Performing Update Action: convertServiceBooleanColumns []
[2016-09-21 14:49:56][WHMCS Installer] INFO: Performing Update Action: convertAnnouncementBooleanColumns []
[2016-09-21 14:49:56][WHMCS Installer] INFO: Performing Update Action: updateAdminUserForAutoReleaseModule []
[2016-09-21 14:49:56][WHMCS Installer] INFO: Performing Update Action: createServiceUnsuspendedEmailTemplate []
[2016-09-21 14:49:56][WHMCS Installer] INFO: Performing Update Action: addManualUpgradeRequiredEmailTemplate []
[2016-09-21 14:49:56][WHMCS Installer] INFO: Performing Update Action: convertNoMD5Passwords []
[2016-09-21 14:49:56][WHMCS Installer] INFO: Performing Update Action: populateTopLevelDomainsAndCategories []
[2016-10-12 23:20:25][WHMCS Installer] DEBUG: Installer bootstrapped []
[2016-10-12 23:20:29][WHMCS Installer] DEBUG: Installer bootstrapped []
[2016-10-12 23:20:29][WHMCS Installer] INFO: Previous install detected []
[2016-10-12 23:20:29][WHMCS Installer] DEBUG: An upgrade from 5.3.12-release.1 to 6.1.1-release.1 will be attempted. []
[2016-10-13 02:19:05][WHMCS Installer] DEBUG: Installer bootstrapped []
[2016-10-13 02:19:05][WHMCS Installer] INFO: Previous install detected []
[2016-10-13 02:19:05][WHMCS Installer] DEBUG: An upgrade from 5.3.12-release.1 to 6.1.1-release.1 will be attempted. []
[2016-10-13 04:01:06][WHMCS Installer] DEBUG: Installer bootstrapped []
[2016-10-13 04:01:10][WHMCS Installer] DEBUG: Installer bootstrapped []
[2016-10-13 04:01:10][WHMCS Installer] INFO: Previous install detected []
[2016-10-13 04:01:10][WHMCS Installer] DEBUG: An upgrade from 5.3.12-release.1 to 6.1.1-release.1 will be attempted. []
[2016-10-13 14:47:22][WHMCS Installer] DEBUG: Installer bootstrapped []
[2016-10-13 14:47:22][WHMCS Installer] INFO: Previous install detected []
[2016-10-13 14:47:22][WHMCS Installer] DEBUG: An upgrade from 5.3.12-release.1 to 6.1.1-release.1 will be attempted. []
[2016-10-13 15:04:44][WHMCS Installer] DEBUG: Installer bootstrapped []
[2016-10-13 15:04:44][WHMCS Installer] INFO: Previous install detected []
[2016-10-13 15:04:44][WHMCS Installer] DEBUG: An upgrade from 5.3.12-release.1 to 6.1.1-release.1 will be attempted. []
[2016-10-13 15:04:45][WHMCS Installer] DEBUG: Installer bootstrapped []
[2016-10-13 15:32:02][WHMCS Installer] DEBUG: Installer bootstrapped []
[2016-11-04 16:02:30][WHMCS Installer] DEBUG: Installer bootstrapped []
[2016-11-04 16:02:33][WHMCS Installer] DEBUG: Installer bootstrapped []
[2016-11-04 16:02:33][WHMCS Installer] INFO: Previous install detected []
[2016-11-04 16:02:33][WHMCS Installer] DEBUG: An upgrade from 5.3.12-release.1 to 6.1.1-release.1 will be attempted. []
[2016-11-04 16:07:29][WHMCS Installer] DEBUG: Installer bootstrapped []
[2016-11-04 16:07:29][WHMCS Installer] INFO: Previous install detected []
[2016-11-04 16:07:29][WHMCS Installer] DEBUG: An upgrade from 5.3.12-release.1 to 6.1.1-release.1 will be attempted. []
[2016-11-04 16:07:36][WHMCS Installer] DEBUG: Installer bootstrapped []
[2016-11-04 16:07:36][WHMCS Installer] INFO: Previous install detected []
[2016-11-04 16:07:36][WHMCS Installer] DEBUG: An upgrade from 5.3.12-release.1 to 6.1.1-release.1 will be attempted. []
[2016-11-04 16:07:41][WHMCS Installer] DEBUG: Installer bootstrapped []
[2016-11-04 16:07:41][WHMCS Installer] INFO: Previous install detected []
[2016-11-04 16:07:41][WHMCS Installer] DEBUG: An upgrade from 5.3.12-release.1 to 6.1.1-release.1 will be attempted. []
[2016-11-04 16:07:46][WHMCS Installer] DEBUG: Installer bootstrapped []
[2016-11-04 16:07:49][WHMCS Installer] DEBUG: Installer bootstrapped []
[2016-11-04 16:07:49][WHMCS Installer] INFO: Previous install detected []
[2016-11-04 16:07:49][WHMCS Installer] DEBUG: An upgrade from 5.3.12-release.1 to 6.1.1-release.1 will be attempted. []
[2016-11-04 16:21:47][WHMCS Installer] DEBUG: Installer bootstrapped []
[2016-11-04 16:21:47][WHMCS Installer] INFO: Previous install detected []
[2016-11-04 16:21:47][WHMCS Installer] DEBUG: An upgrade from 5.3.12-release.1 to 6.1.1-release.1 will be attempted. []
[2016-11-04 16:40:06][WHMCS Installer] DEBUG: Installer bootstrapped []
[2016-11-04 16:40:06][WHMCS Installer] INFO: Previous install detected []
[2016-11-04 16:40:06][WHMCS Installer] DEBUG: An upgrade from 5.3.12-release.1 to 6.1.1-release.1 will be attempted. []
[2016-11-04 16:40:10][WHMCS Installer] DEBUG: Installer bootstrapped []
[2016-11-04 16:40:10][WHMCS Installer] INFO: Previous install detected []
[2016-11-04 16:40:10][WHMCS Installer] DEBUG: An upgrade from 5.3.12-release.1 to 6.1.1-release.1 will be attempted. []
[2016-11-04 16:40:13][WHMCS Installer] DEBUG: Installer bootstrapped []
[2016-11-04 16:40:17][WHMCS Installer] DEBUG: Installer bootstrapped []
[2016-11-04 16:40:17][WHMCS Installer] INFO: Previous install detected []
[2016-11-04 16:40:17][WHMCS Installer] DEBUG: An upgrade from 5.3.12-release.1 to 6.1.1-release.1 will be attempted. []
[2016-11-04 17:44:34][WHMCS Installer] DEBUG: Installer bootstrapped []
[2016-11-04 17:44:34][WHMCS Installer] INFO: Previous install detected []
[2016-11-04 17:44:34][WHMCS Installer] DEBUG: An upgrade from 5.3.12-release.1 to 6.1.1-release.1 will be attempted. []
[2016-11-04 17:44:35][WHMCS Installer] DEBUG: Installer bootstrapped []
[2016-11-04 17:44:35][WHMCS Installer] INFO: Previous install detected []
[2016-11-04 17:44:35][WHMCS Installer] DEBUG: An upgrade from 5.3.12-release.1 to 6.1.1-release.1 will be attempted. []
[2016-11-04 17:44:50][WHMCS Installer] DEBUG: Installer bootstrapped []
[2016-11-04 17:44:53][WHMCS Installer] DEBUG: Installer bootstrapped []
[2016-11-04 17:44:53][WHMCS Installer] INFO: Previous install detected []
[2016-11-04 17:44:53][WHMCS Installer] DEBUG: An upgrade from 5.3.12-release.1 to 6.1.1-release.1 will be attempted. []
[2016-11-04 17:44:56][WHMCS Installer] DEBUG: Installer bootstrapped []
[2016-11-04 17:44:56][WHMCS Installer] INFO: Previous install detected []
[2016-11-04 17:44:56][WHMCS Installer] DEBUG: An upgrade from 5.3.12-release.1 to 6.1.1-release.1 will be attempted. []
[2016-11-04 17:44:57][WHMCS Installer] DEBUG: Installer bootstrapped []
[2016-11-04 17:44:57][WHMCS Installer] INFO: Previous install detected []
[2016-11-04 17:44:57][WHMCS Installer] DEBUG: An upgrade from 5.3.12-release.1 to 6.1.1-release.1 will be attempted. []
[2016-11-04 17:47:27][WHMCS Installer] DEBUG: Installer bootstrapped []
[2016-11-04 17:47:29][WHMCS Installer] DEBUG: Installer bootstrapped []
[2016-11-04 17:47:29][WHMCS Installer] INFO: Previous install detected []
[2016-11-04 17:47:29][WHMCS Installer] DEBUG: An upgrade from 5.3.12-release.1 to 6.1.1-release.1 will be attempted. []
[2016-11-04 17:47:30][WHMCS Installer] DEBUG: Installer bootstrapped []
[2016-11-04 17:47:30][WHMCS Installer] INFO: Previous install detected []
[2016-11-04 17:47:30][WHMCS Installer] DEBUG: An upgrade from 5.3.12-release.1 to 6.1.1-release.1 will be attempted. []
[2016-11-04 17:47:31][WHMCS Installer] DEBUG: Installer bootstrapped []
[2016-11-04 17:47:31][WHMCS Installer] INFO: Previous install detected []
[2016-11-04 17:47:31][WHMCS Installer] DEBUG: An upgrade from 5.3.12-release.1 to 6.1.1-release.1 will be attempted. []
[2016-11-04 17:48:00][WHMCS Installer] DEBUG: Installer bootstrapped []
[2016-11-04 17:48:00][WHMCS Installer] INFO: Previous install detected []
[2016-11-04 17:48:00][WHMCS Installer] DEBUG: An upgrade from 5.3.12-release.1 to 6.1.1-release.1 will be attempted. []
[2016-11-04 18:08:18][WHMCS Installer] DEBUG: Installer bootstrapped []
[2016-11-04 18:08:18][WHMCS Installer] INFO: Previous install detected []
[2016-11-04 18:08:18][WHMCS Installer] DEBUG: An upgrade from 5.3.12-release.1 to 6.1.1-release.1 will be attempted. []
[2016-11-04 18:09:36][WHMCS Installer] DEBUG: Installer bootstrapped []
[2016-11-04 18:09:36][WHMCS Installer] INFO: Previous install detected []
[2016-11-04 18:09:36][WHMCS Installer] DEBUG: An upgrade from 5.3.12-release.1 to 6.1.1-release.1 will be attempted. []
[2016-11-04 18:11:46][WHMCS Installer] DEBUG: Installer bootstrapped []
[2016-11-04 18:11:46][WHMCS Installer] INFO: Previous install detected []
[2016-11-04 18:11:46][WHMCS Installer] DEBUG: An upgrade from 5.3.12-release.1 to 6.1.1-release.1 will be attempted. []
[2016-11-04 18:12:22][WHMCS Installer] DEBUG: Installer bootstrapped []
[2016-11-04 18:12:22][WHMCS Installer] INFO: Applying incremental updates to existing installation []
[2016-11-04 18:12:22][WHMCS Installer] INFO: Applying Updates for 6.0.0-alpha.1 []
[2016-11-04 18:12:23][WHMCS Installer] ERROR: Unable to complete incremental updates: Unable to import the 6.0.0 Alpha1 database file. Unable to import /home/billing/public_html/resources/sql/upgrade600alpha1.sql: Table 'tblupdatehistory' already exists []
[2016-11-04 18:12:23][WHMCS Installer] ERROR: Upgrade process terminated due to error. []
[2016-11-04 18:13:29][WHMCS Installer] DEBUG: Installer bootstrapped []
[2016-11-04 18:13:29][WHMCS Installer] INFO: Previous install detected []
[2016-11-04 18:13:29][WHMCS Installer] DEBUG: An upgrade from 5.3.12-release.1 to 6.1.1-release.1 will be attempted. []
[2016-11-04 18:13:47][WHMCS Installer] DEBUG: Installer bootstrapped []
[2016-11-04 18:13:47][WHMCS Installer] INFO: Applying incremental updates to existing installation []
[2016-11-04 18:13:47][WHMCS Installer] INFO: Applying Updates for 6.0.0-alpha.1 []
[2016-11-04 18:13:47][WHMCS Installer] ERROR: Unable to complete incremental updates: Unable to import the 6.0.0 Alpha1 database file. Unable to import /home/billing/public_html/resources/sql/upgrade600alpha1.sql: Invalid default value for 'created_at' []
[2016-11-04 18:13:47][WHMCS Installer] ERROR: Upgrade process terminated due to error. []
[2016-11-04 18:14:21][WHMCS Installer] DEBUG: Installer bootstrapped []
[2016-11-04 18:14:24][WHMCS Installer] DEBUG: Installer bootstrapped []
[2016-11-04 18:14:24][WHMCS Installer] INFO: Previous install detected []
[2016-11-04 18:14:24][WHMCS Installer] DEBUG: An upgrade from 5.3.12-release.1 to 6.1.1-release.1 will be attempted. []
[2016-11-04 18:14:47][WHMCS Installer] DEBUG: Installer bootstrapped []
[2016-11-04 18:14:47][WHMCS Installer] INFO: Applying incremental updates to existing installation []
[2016-11-04 18:14:47][WHMCS Installer] INFO: Applying Updates for 6.0.0-alpha.1 []
[2016-11-04 18:14:47][WHMCS Installer] ERROR: Unable to complete incremental updates: Unable to import the 6.0.0 Alpha1 database file. Unable to import /home/billing/public_html/resources/sql/upgrade600alpha1.sql: Invalid default value for 'created_at' []
[2016-11-04 18:14:47][WHMCS Installer] ERROR: Upgrade process terminated due to error. []
[2016-11-04 18:47:36][WHMCS Installer] DEBUG: Installer bootstrapped []
[2016-11-04 18:47:38][WHMCS Installer] DEBUG: Installer bootstrapped []
[2016-11-04 18:47:38][WHMCS Installer] INFO: Previous install detected []
[2016-11-04 18:47:38][WHMCS Installer] DEBUG: An upgrade from 5.3.12-release.1 to 6.1.1-release.1 will be attempted. []
[2016-11-04 18:47:41][WHMCS Installer] DEBUG: Installer bootstrapped []
[2016-11-04 18:47:41][WHMCS Installer] INFO: Applying incremental updates to existing installation []
[2016-11-04 18:47:41][WHMCS Installer] INFO: Applying Updates for 6.0.0-alpha.1 []
[2016-11-04 18:47:41][WHMCS Installer] ERROR: Unable to complete incremental updates: Unable to import the 6.0.0 Alpha1 database file. Unable to import /home/billing/public_html/resources/sql/upgrade600alpha1.sql: Duplicate column name 'created_at' []
[2016-11-04 18:47:41][WHMCS Installer] ERROR: Upgrade process terminated due to error. []
[2016-11-04 19:11:48][WHMCS Installer] DEBUG: Installer bootstrapped []
[2016-11-04 19:11:51][WHMCS Installer] DEBUG: Installer bootstrapped []
[2016-11-04 19:11:51][WHMCS Installer] INFO: Previous install detected []
[2016-11-04 19:11:51][WHMCS Installer] DEBUG: An upgrade from 5.3.12-release.1 to 6.1.1-release.1 will be attempted. []
[2016-11-04 19:12:01][WHMCS Installer] DEBUG: Installer bootstrapped []
[2016-11-04 19:12:01][WHMCS Installer] INFO: Applying incremental updates to existing installation []
[2016-11-04 19:12:01][WHMCS Installer] INFO: Applying Updates for 6.0.0-alpha.1 []
[2016-11-04 19:12:01][WHMCS Installer] ERROR: Unable to complete incremental updates: Unable to import the 6.0.0 Alpha1 database file. Unable to import /home/billing/public_html/resources/sql/upgrade600alpha1.sql: Table 'tblupdatehistory' already exists []
[2016-11-04 19:12:01][WHMCS Installer] ERROR: Upgrade process terminated due to error. []
[2016-11-04 19:14:18][WHMCS Installer] DEBUG: Installer bootstrapped []
[2016-11-04 19:14:21][WHMCS Installer] DEBUG: Installer bootstrapped []
[2016-11-04 19:14:21][WHMCS Installer] INFO: Previous install detected []
[2016-11-04 19:14:21][WHMCS Installer] DEBUG: An upgrade from 5.3.12-release.1 to 6.1.1-release.1 will be attempted. []
[2016-11-04 19:14:24][WHMCS Installer] DEBUG: Installer bootstrapped []
[2016-11-04 19:14:24][WHMCS Installer] INFO: Applying incremental updates to existing installation []
[2016-11-04 19:14:24][WHMCS Installer] INFO: Applying Updates for 6.0.0-alpha.1 []
[2016-11-04 19:14:24][WHMCS Installer] ERROR: Unable to complete incremental updates: Unable to import the 6.0.0 Alpha1 database file. Unable to import /home/billing/public_html/resources/sql/upgrade600alpha1.sql: Duplicate column name 'created_at' []
[2016-11-04 19:14:24][WHMCS Installer] ERROR: Upgrade process terminated due to error. []
[2016-11-04 19:16:15][WHMCS Installer] DEBUG: Installer bootstrapped []
[2016-11-04 19:16:17][WHMCS Installer] DEBUG: Installer bootstrapped []
[2016-11-04 19:16:17][WHMCS Installer] INFO: Previous install detected []
[2016-11-04 19:16:17][WHMCS Installer] DEBUG: An upgrade from 5.3.12-release.1 to 6.1.1-release.1 will be attempted. []
[2016-11-04 19:16:20][WHMCS Installer] DEBUG: Installer bootstrapped []
[2016-11-04 19:16:20][WHMCS Installer] INFO: Applying incremental updates to existing installation []
[2016-11-04 19:16:20][WHMCS Installer] INFO: Applying Updates for 6.0.0-alpha.1 []
[2016-11-04 19:16:20][WHMCS Installer] ERROR: Unable to complete incremental updates: Unable to import the 6.0.0 Alpha1 database file. Unable to import /home/billing/public_html/resources/sql/upgrade600alpha1.sql: Duplicate column name 'created_at' []
[2016-11-04 19:16:20][WHMCS Installer] ERROR: Upgrade process terminated due to error. []
[2016-11-04 19:22:39][WHMCS Installer] DEBUG: Installer bootstrapped []
[2016-11-04 19:22:41][WHMCS Installer] DEBUG: Installer bootstrapped []
[2016-11-04 19:22:41][WHMCS Installer] INFO: Previous install detected []
[2016-11-04 19:22:41][WHMCS Installer] DEBUG: An upgrade from 5.3.12-release.1 to 6.1.1-release.1 will be attempted. []
[2016-11-04 19:22:44][WHMCS Installer] DEBUG: Installer bootstrapped []
[2016-11-04 19:22:44][WHMCS Installer] INFO: Applying incremental updates to existing installation []
[2016-11-04 19:22:44][WHMCS Installer] INFO: Applying Updates for 6.0.0-alpha.1 []
[2016-11-04 19:22:44][WHMCS Installer] ERROR: Unable to complete incremental updates: Unable to import the 6.0.0 Alpha1 database file. Unable to import /home/billing/public_html/resources/sql/upgrade600alpha1.sql: Duplicate column name 'created_at' []
[2016-11-04 19:22:44][WHMCS Installer] ERROR: Upgrade process terminated due to error. []
[2016-11-04 19:28:50][WHMCS Installer] DEBUG: Installer bootstrapped []
[2016-11-04 19:28:56][WHMCS Installer] DEBUG: Installer bootstrapped []
[2016-11-04 19:28:59][WHMCS Installer] DEBUG: Installer bootstrapped []
[2016-11-04 19:28:59][WHMCS Installer] INFO: Previous install detected []
[2016-11-04 19:28:59][WHMCS Installer] DEBUG: An upgrade from 5.3.12-release.1 to 6.1.1-release.1 will be attempted. []
[2016-11-04 19:29:17][WHMCS Installer] DEBUG: Installer bootstrapped []
[2016-11-04 19:29:17][WHMCS Installer] INFO: Applying incremental updates to existing installation []
[2016-11-04 19:29:17][WHMCS Installer] INFO: Applying Updates for 6.0.0-alpha.1 []
[2016-11-04 19:29:17][WHMCS Installer] ERROR: Unable to complete incremental updates: Unable to import the 6.0.0 Alpha1 database file. Unable to import /home/billing/public_html/resources/sql/upgrade600alpha1.sql: Table 'tblupdatehistory' already exists []
[2016-11-04 19:29:17][WHMCS Installer] ERROR: Upgrade process terminated due to error. []
[2016-11-04 19:29:44][WHMCS Installer] DEBUG: Installer bootstrapped []
[2016-11-04 19:29:47][WHMCS Installer] DEBUG: Installer bootstrapped []
[2016-11-04 19:29:47][WHMCS Installer] INFO: Previous install detected []
[2016-11-04 19:29:47][WHMCS Installer] DEBUG: An upgrade from 5.3.12-release.1 to 6.1.1-release.1 will be attempted. []
[2016-11-04 19:29:50][WHMCS Installer] DEBUG: Installer bootstrapped []
[2016-11-04 19:29:50][WHMCS Installer] INFO: Applying incremental updates to existing installation []
[2016-11-04 19:29:50][WHMCS Installer] INFO: Applying Updates for 6.0.0-alpha.1 []
[2016-11-04 19:29:50][WHMCS Installer] ERROR: Unable to complete incremental updates: Unable to import the 6.0.0 Alpha1 database file. Unable to import /home/billing/public_html/resources/sql/upgrade600alpha1.sql: Duplicate column name 'created_at' []
[2016-11-04 19:29:50][WHMCS Installer] ERROR: Upgrade process terminated due to error. []
[2016-11-04 19:35:43][WHMCS Installer] DEBUG: Installer bootstrapped []
[2016-11-04 19:35:45][WHMCS Installer] DEBUG: Installer bootstrapped []
[2016-11-04 19:35:45][WHMCS Installer] INFO: Previous install detected []
[2016-11-04 19:35:45][WHMCS Installer] DEBUG: An upgrade from 5.3.12-release.1 to 6.1.1-release.1 will be attempted. []
[2016-11-04 19:35:48][WHMCS Installer] DEBUG: Installer bootstrapped []
[2016-11-04 19:35:48][WHMCS Installer] INFO: Applying incremental updates to existing installation []
[2016-11-04 19:35:48][WHMCS Installer] INFO: Applying Updates for 6.0.0-alpha.1 []
[2016-11-04 19:35:48][WHMCS Installer] ERROR: Unable to complete incremental updates: Unable to import the 6.0.0 Alpha1 database file. Unable to import /home/billing/public_html/resources/sql/upgrade600alpha1.sql: You have an error in your SQL syntax; check the manual that corresponds to your MariaDB server version for the right syntax to use near '`tblupdatehistory` (   `id` int(10) unsigned NOT NULL AUTO_INCREMENT,   `admin_i' at line 1 []
[2016-11-04 19:35:48][WHMCS Installer] ERROR: Upgrade process terminated due to error. []
[2016-11-07 06:56:15][WHMCS Installer] DEBUG: Installer bootstrapped []
[2016-11-08 07:25:15][WHMCS Installer] DEBUG: Installer bootstrapped []
